<?xml version="1.0" encoding="UTF-8"?>
<!-- Generated by org.testng.reporters.JUnitXMLReporter -->
<testsuite hostname="Hassan-PC" ignored="0" name="Default test" tests="1" failures="1" timestamp="30 Jan 2019 16:51:43 GMT" time="2.007" errors="0">
  <testcase name="valid_credentials" time="1.981" classname="com.qa.test.Users_Login">
    <failure type="com.fasterxml.jackson.databind.JsonMappingException" message="No suitable constructor found for type [simple type, class com.qa.data.Login_Credential]: can not instantiate from JSON object (missing default constructor or creator, or perhaps need to add/enable type information?)
 at [Source: {&amp;quot;status&amp;quot;:true,&amp;quot;user&amp;quot;:{&amp;quot;user_id&amp;quot;:15550,&amp;quot;email&amp;quot;:&amp;quot;memtestwomen@ss.com&amp;quot;,&amp;quot;first_name&amp;quot;:&amp;quot;Bilal&amp;quot;,&amp;quot;last_name&amp;quot;:&amp;quot;Testing&amp;quot;,&amp;quot;auth_token&amp;quot;:&amp;quot;37adf0cb-e568-8a4a-a2ea-ea058247b79a&amp;quot;,&amp;quot;profile_image&amp;quot;:&amp;quot;/users/15550//users/15550/user_profile_pic.jpg&amp;quot;,&amp;quot;is_calibrated&amp;quot;:false,&amp;quot;gender&amp;quot;:&amp;quot;f&amp;quot;}}; line: 1, column: 2]">
      <![CDATA[com.fasterxml.jackson.databind.JsonMappingException: No suitable constructor found for type [simple type, class com.qa.data.Login_Credential]: can not instantiate from JSON object (missing default constructor or creator, or perhaps need to add/enable type information?)
 at [Source: {"status":true,"user":{"user_id":15550,"email":"memtestwomen@ss.com","first_name":"Bilal","last_name":"Testing","auth_token":"37adf0cb-e568-8a4a-a2ea-ea058247b79a","profile_image":"/users/15550//users/15550/user_profile_pic.jpg","is_calibrated":false,"gender":"f"}}; line: 1, column: 2]
at com.fasterxml.jackson.databind.JsonMappingException.from(JsonMappingException.java:148)
at com.fasterxml.jackson.databind.deser.BeanDeserializerBase.deserializeFromObjectUsingNonDefault(BeanDeserializerBase.java:1106)
at com.fasterxml.jackson.databind.deser.BeanDeserializer.deserializeFromObject(BeanDeserializer.java:296)
at com.fasterxml.jackson.databind.deser.BeanDeserializer.deserialize(BeanDeserializer.java:133)
at com.fasterxml.jackson.databind.ObjectMapper._readMapAndClose(ObjectMapper.java:3736)
at com.fasterxml.jackson.databind.ObjectMapper.readValue(ObjectMapper.java:2726)
at com.qa.test.Users_Login.valid_credentials(Users_Login.java:68)
at sun.reflect.NativeMethodAccessorImpl.invoke0(Native Method)
at sun.reflect.NativeMethodAccessorImpl.invoke(NativeMethodAccessorImpl.java:62)
at sun.reflect.DelegatingMethodAccessorImpl.invoke(DelegatingMethodAccessorImpl.java:43)
at java.lang.reflect.Method.invoke(Method.java:498)
at org.testng.internal.MethodInvocationHelper.invokeMethod(MethodInvocationHelper.java:124)
at org.testng.internal.Invoker.invokeMethod(Invoker.java:583)
at org.testng.internal.Invoker.invokeTestMethod(Invoker.java:719)
at org.testng.internal.Invoker.invokeTestMethods(Invoker.java:989)
at org.testng.internal.TestMethodWorker.invokeTestMethods(TestMethodWorker.java:125)
at org.testng.internal.TestMethodWorker.run(TestMethodWorker.java:109)
at org.testng.TestRunner.privateRun(TestRunner.java:648)
at org.testng.TestRunner.run(TestRunner.java:505)
at org.testng.SuiteRunner.runTest(SuiteRunner.java:455)
at org.testng.SuiteRunner.runSequentially(SuiteRunner.java:450)
at org.testng.SuiteRunner.privateRun(SuiteRunner.java:415)
at org.testng.SuiteRunner.run(SuiteRunner.java:364)
at org.testng.SuiteRunnerWorker.runSuite(SuiteRunnerWorker.java:52)
at org.testng.SuiteRunnerWorker.run(SuiteRunnerWorker.java:84)
at org.testng.TestNG.runSuitesSequentially(TestNG.java:1208)
at org.testng.TestNG.runSuitesLocally(TestNG.java:1137)
at org.testng.TestNG.runSuites(TestNG.java:1049)
at org.testng.TestNG.run(TestNG.java:1017)
at org.testng.remote.AbstractRemoteTestNG.run(AbstractRemoteTestNG.java:114)
at org.testng.remote.RemoteTestNG.initAndRun(RemoteTestNG.java:251)
at org.testng.remote.RemoteTestNG.main(RemoteTestNG.java:77)
]]>
    </failure>
  </testcase> <!-- valid_credentials -->
</testsuite> <!-- Default test -->
